[info] welcome to sbt 1.12.9 (Oracle Corporation Java 25.0.1)
[info] loading global plugins from C:\Users\micro\.sbt\1.0\plugins
[info] loading settings for project maichess-engine-service-build from plugins.sbt...
[info] loading project definition from C:\Users\micro\source\MaiChess\services\maichess-engine-service\project
[info] loading settings for project root from build.sbt...
[info] set current project to maichess-engine-service (in build file:/C:/Users/micro/source/MaiChess/services/maichess-engine-service/)
[info] .env detected (fileName=.env). About to configure JVM System Environment with new map
[info] Configured .env environment
[info] Loading config. Read how to configure Stryker4s here: https://stryker-mutator.io/docs/stryker4s/configuration/
[warn] In the last 10 seconds, 5.031 (50,8%) were spent in GC. [Heap: 0,01GB free of 1,00GB, max 1,00GB] Consider increasing the JVM heap using `-Xmx` or try a different collector, e.g. `-XX:+UseG1GC`, for better performance.
[warn] In the last 10 seconds, 9.984 (99,9%) were spent in GC. [Heap: 0,00GB free of 1,00GB, max 1,00GB] Consider increasing the JVM heap using `-Xmx` or try a different collector, e.g. `-XX:+UseG1GC`, for better performance.
[warn] In the last 10 seconds, 9.384 (95,9%) were spent in GC. [Heap: 0,00GB free of 1,00GB, max 1,00GB] Consider increasing the JVM heap using `-Xmx` or try a different collector, e.g. `-XX:+UseG1GC`, for better performance.
java.lang.OutOfMemoryError: Java heap space
	at scala.meta.Term$Apply$After_4_6_0$.unapply(Trees.scala:377)
	at stryker4s.mutation.ArgMethodExpression.unapply(ArgMethodExpression.scala:15)
	at stryker4s.mutation.ArgMethodExpression.unapply$(ArgMethodExpression.scala:12)
	at stryker4s.mutation.Forall$.unapply(ArgMethodExpression.scala:70)
	at stryker4s.mutants.findmutants.MutantMatcherImpl$$anonfun$matchMethodExpression$1.applyOrElse(MutantMatcher.scala:76)
	at stryker4s.mutants.findmutants.MutantMatcherImpl$$anonfun$matchMethodExpression$1.applyOrElse(MutantMatcher.scala:72)
	at scala.PartialFunction$AndThen.applyOrElse(PartialFunction.scala:194)
	at scala.PartialFunction$OrElse.applyOrElse(PartialFunction.scala:175)
	at scala.PartialFunction$OrElse.applyOrElse(PartialFunction.scala:176)
	at scala.PartialFunction$OrElse.applyOrElse(PartialFunction.scala:176)
	at scala.PartialFunction$OrElse.applyOrElse(PartialFunction.scala:176)
	at scala.PartialFunction$OrElse.applyOrElse(PartialFunction.scala:176)
	at scala.PartialFunction$Lifted.apply(PartialFunction.scala:228)
	at scala.PartialFunction$Lifted.apply(PartialFunction.scala:224)
	at stryker4s.extension.TreeExtensions$CollectWithContextExtension$.traverse$1(TreeExtensions.scala:140)
	at stryker4s.extension.TreeExtensions$CollectWithContextExtension$.$anonfun$collectWithContext$7(TreeExtensions.scala:145)
	at stryker4s.extension.TreeExtensions$CollectWithContextExtension$$$Lambda/0x000000000de0a800.apply(Unknown Source)
	at cats.Traverse$.$anonfun$traverseDirectly$1(Traverse.scala:293)
	at cats.Traverse$$$Lambda/0x000000000de0de68.apply(Unknown Source)
	at scala.collection.TraversableOnce$folder$1.apply(TraversableOnce.scala:196)
	at scala.collection.TraversableOnce$folder$1.apply(TraversableOnce.scala:194)
	at scala.collection.Iterator.foreach(Iterator.scala:943)
	at scala.collection.Iterator.foreach$(Iterator.scala:943)
	at scala.collection.AbstractIterator.foreach(Iterator.scala:1431)
	at scala.collection.TraversableOnce.foldLeft(TraversableOnce.scala:199)
	at scala.collection.TraversableOnce.foldLeft$(TraversableOnce.scala:192)
	at scala.collection.AbstractIterator.foldLeft(Iterator.scala:1431)
	at cats.Traverse$.traverseDirectly(Traverse.scala:292)
	at cats.data.ChainInstances$$anon$2.traverse(Chain.scala:1441)
	at cats.data.ChainInstances$$anon$2.traverse(Chain.scala:1400)
	at cats.Traverse.flatTraverse(Traverse.scala:91)
	at cats.Traverse.flatTraverse$(Traverse.scala:90)
java.lang.OutOfMemoryError: Java heap space
	at scala.meta.Term$Apply$After_4_6_0$.unapply(Trees.scala:377)
	at stryker4s.mutation.ArgMethodExpression.unapply(ArgMethodExpression.scala:15)
	at stryker4s.mutation.ArgMethodExpression.unapply$(ArgMethodExpression.scala:12)
	at stryker4s.mutation.Forall$.unapply(ArgMethodExpression.scala:70)
	at stryker4s.mutants.findmutants.MutantMatcherImpl$$anonfun$matchMethodExpression$1.applyOrElse(MutantMatcher.scala:76)
	at stryker4s.mutants.findmutants.MutantMatcherImpl$$anonfun$matchMethodExpression$1.applyOrElse(MutantMatcher.scala:72)
	at scala.PartialFunction$AndThen.applyOrElse(PartialFunction.scala:194)
	at scala.PartialFunction$OrElse.applyOrElse(PartialFunction.scala:175)
	at scala.PartialFunction$OrElse.applyOrElse(PartialFunction.scala:176)
	at scala.PartialFunction$OrElse.applyOrElse(PartialFunction.scala:176)
	at scala.PartialFunction$OrElse.applyOrElse(PartialFunction.scala:176)
	at scala.PartialFunction$OrElse.applyOrElse(PartialFunction.scala:176)
	at scala.PartialFunction$Lifted.apply(PartialFunction.scala:228)
	at scala.PartialFunction$Lifted.apply(PartialFunction.scala:224)
	at stryker4s.extension.TreeExtensions$CollectWithContextExtension$.traverse$1(TreeExtensions.scala:140)
	at stryker4s.extension.TreeExtensions$CollectWithContextExtension$.$anonfun$collectWithContext$7(TreeExtensions.scala:145)
	at stryker4s.extension.TreeExtensions$CollectWithContextExtension$$$Lambda/0x000000000de0a800.apply(Unknown Source)
	at cats.Traverse$.$anonfun$traverseDirectly$1(Traverse.scala:293)
	at cats.Traverse$$$Lambda/0x000000000de0de68.apply(Unknown Source)
	at scala.collection.TraversableOnce$folder$1.apply(TraversableOnce.scala:196)
	at scala.collection.TraversableOnce$folder$1.apply(TraversableOnce.scala:194)
	at scala.collection.Iterator.foreach(Iterator.scala:943)
	at scala.collection.Iterator.foreach$(Iterator.scala:943)
	at scala.collection.AbstractIterator.foreach(Iterator.scala:1431)
	at scala.collection.TraversableOnce.foldLeft(TraversableOnce.scala:199)
	at scala.collection.TraversableOnce.foldLeft$(TraversableOnce.scala:192)
	at scala.collection.AbstractIterator.foldLeft(Iterator.scala:1431)
	at cats.Traverse$.traverseDirectly(Traverse.scala:292)
	at cats.data.ChainInstances$$anon$2.traverse(Chain.scala:1441)
	at cats.data.ChainInstances$$anon$2.traverse(Chain.scala:1400)
	at cats.Traverse.flatTraverse(Traverse.scala:91)
	at cats.Traverse.flatTraverse$(Traverse.scala:90)
java.lang.OutOfMemoryError: Java heap space
	at scala.meta.Term$Apply$After_4_6_0$.unapply(Trees.scala:377)
	at stryker4s.mutation.ArgMethodExpression.unapply(ArgMethodExpression.scala:15)
	at stryker4s.mutation.ArgMethodExpression.unapply$(ArgMethodExpression.scala:12)
	at stryker4s.mutation.Forall$.unapply(ArgMethodExpression.scala:70)
	at stryker4s.mutants.findmutants.MutantMatcherImpl$$anonfun$matchMethodExpression$1.applyOrElse(MutantMatcher.scala:76)
	at stryker4s.mutants.findmutants.MutantMatcherImpl$$anonfun$matchMethodExpression$1.applyOrElse(MutantMatcher.scala:72)
	at scala.PartialFunction$AndThen.applyOrElse(PartialFunction.scala:194)
	at scala.PartialFunction$OrElse.applyOrElse(PartialFunction.scala:175)
	at scala.PartialFunction$OrElse.applyOrElse(PartialFunction.scala:176)
	at scala.PartialFunction$OrElse.applyOrElse(PartialFunction.scala:176)
	at scala.PartialFunction$OrElse.applyOrElse(PartialFunction.scala:176)
	at scala.PartialFunction$OrElse.applyOrElse(PartialFunction.scala:176)
	at scala.PartialFunction$Lifted.apply(PartialFunction.scala:228)
	at scala.PartialFunction$Lifted.apply(PartialFunction.scala:224)
	at stryker4s.extension.TreeExtensions$CollectWithContextExtension$.traverse$1(TreeExtensions.scala:140)
	at stryker4s.extension.TreeExtensions$CollectWithContextExtension$.$anonfun$collectWithContext$7(TreeExtensions.scala:145)
	at stryker4s.extension.TreeExtensions$CollectWithContextExtension$$$Lambda/0x000000000de0a800.apply(Unknown Source)
	at cats.Traverse$.$anonfun$traverseDirectly$1(Traverse.scala:293)
	at cats.Traverse$$$Lambda/0x000000000de0de68.apply(Unknown Source)
	at scala.collection.TraversableOnce$folder$1.apply(TraversableOnce.scala:196)
	at scala.collection.TraversableOnce$folder$1.apply(TraversableOnce.scala:194)
	at scala.collection.Iterator.foreach(Iterator.scala:943)
	at scala.collection.Iterator.foreach$(Iterator.scala:943)
	at scala.collection.AbstractIterator.foreach(Iterator.scala:1431)
	at scala.collection.TraversableOnce.foldLeft(TraversableOnce.scala:199)
	at scala.collection.TraversableOnce.foldLeft$(TraversableOnce.scala:192)
	at scala.collection.AbstractIterator.foldLeft(Iterator.scala:1431)
	at cats.Traverse$.traverseDirectly(Traverse.scala:292)
	at cats.data.ChainInstances$$anon$2.traverse(Chain.scala:1441)
	at cats.data.ChainInstances$$anon$2.traverse(Chain.scala:1400)
	at cats.Traverse.flatTraverse(Traverse.scala:91)
	at cats.Traverse.flatTraverse$(Traverse.scala:90)
[error] [launcher] error during sbt launcher: java.lang.OutOfMemoryError: Java heap space
